#
# There is insufficient memory for the Java Runtime Environment to continue.
# Native memory allocation (mmap) failed to map 268435456 bytes for G1 virtual space
# Possible reasons:
#   The system is out of physical RAM or swap space
#   The process is running with CompressedOops enabled, and the Java Heap may be blocking the growth of the native heap
# Possible solutions:
#   Reduce memory load on the system
#   Increase physical memory or swap space
#   Check if swap backing store is full
#   Decrease Java heap size (-Xmx/-Xms)
#   Decrease number of Java threads
#   Decrease Java thread stack sizes (-Xss)
#   Set larger code cache with -XX:ReservedCodeCacheSize=
#   JVM is running with Zero Based Compressed Oops mode in which the Java heap is
#     placed in the first 32GB address space. The Java Heap base address is the
#     maximum limit for the native heap growth. Please use -XX:HeapBaseMinAddress
#     to set the Java Heap base and to place the Java Heap above 32GB virtual address.
# This output file may be truncated or incomplete.
#
#  Out of Memory Error (os_windows.cpp:3769), pid=24496, tid=24608
#
# JRE version:  (17.0.6) (build )
# Java VM: OpenJDK 64-Bit Server VM (17.0.6+0-b2043.56-10027231, mixed mode, sharing, tiered, compressed oops, compressed class ptrs, g1 gc, windows-amd64)
# No core dump will be written. Minidumps are not enabled by default on client versions of Windows
#

---------------  S U M M A R Y ------------

Command Line: -Dnet.bytebuddy.agent.attacher.dump= net.bytebuddy.agent.Attacher com.sun.tools.attach.VirtualMachine 17056 C:\Users\danie\.gradle\caches\modules-2\files-2.1\net.bytebuddy\byte-buddy-agent\1.12.20\c37341e04a529c7263ff3093ecdceaa4ab39b489\byte-buddy-agent-1.12.20.jar false 

Host: AMD Ryzen 7 2700 Eight-Core Processor          , 16 cores, 15G,  Windows 11 , 64 bit Build 22621 (10.0.22621.1778)
Time: Mon Jun 19 01:58:10 2023 Hora oficial do Brasil elapsed time: 0.029699 seconds (0d 0h 0m 0s)

---------------  T H R E A D  ---------------

Current thread (0x000002209f91bfe0):  JavaThread "Unknown thread" [_thread_in_vm, id=24608, stack(0x000000979dd00000,0x000000979de00000)]

Stack: [0x000000979dd00000,0x000000979de00000]
Native frames: (J=compiled Java code, j=interpreted, Vv=VM code, C=native code)
V  [jvm.dll+0x683c9a]
V  [jvm.dll+0x8427a4]
V  [jvm.dll+0x843f9e]
V  [jvm.dll+0x844603]
V  [jvm.dll+0x249b75]
V  [jvm.dll+0x680b69]
V  [jvm.dll+0x67505a]
V  [jvm.dll+0x309acb]
V  [jvm.dll+0x310f86]
V  [jvm.dll+0x3608ee]
V  [jvm.dll+0x360b1f]
V  [jvm.dll+0x2dfbf8]
V  [jvm.dll+0x2e0b64]
V  [jvm.dll+0x814091]
V  [jvm.dll+0x36e6a1]
V  [jvm.dll+0x7f35cc]
V  [jvm.dll+0x3f0e8f]
V  [jvm.dll+0x3f29d1]
C  [jli.dll+0x526b]
C  [ucrtbase.dll+0x29363]
C  [KERNEL32.DLL+0x126ad]
C  [ntdll.dll+0x5a9f8]


---------------  P R O C E S S  ---------------

Threads class SMR info:
_java_thread_list=0x00007ff84b02c058, length=0, elements={
}

Java Threads: ( => current thread )

Other Threads:
  0x00000220a1b94ee0 GCTaskThread "GC Thread#0" [stack: 0x000000979de00000,0x000000979df00000] [id=24612]
  0x00000220a1ba5e80 ConcurrentGCThread "G1 Main Marker" [stack: 0x000000979df00000,0x000000979e000000] [id=24616]
  0x00000220a1ba7030 ConcurrentGCThread "G1 Conc#0" [stack: 0x000000979e000000,0x000000979e100000] [id=24620]

[error occurred during error reporting (printing all threads), id 0xc0000005, EXCEPTION_ACCESS_VIOLATION (0xc0000005) at pc=0x00007ff84a7e0797]

VM state: not at safepoint (not fully initialized)

VM Mutex/Monitor currently owned by a thread:  ([mutex/lock_event])
[0x00000220a1b26b20] Heap_lock - owner thread: 0x000002209f91bfe0

Heap address: 0x0000000701000000, size: 4080 MB, Compressed Oops mode: Zero based, Oop shift amount: 3

CDS archive(s) mapped at: [0x0000000000000000-0x0000000000000000-0x0000000000000000), size 0, SharedBaseAddress: 0x0000000800000000, ArchiveRelocationMode: 0.
Narrow klass base: 0x0000000000000000, Narrow klass shift: 0, Narrow klass range: 0x0

GC Precious Log:
<Empty>

Heap:
 garbage-first heap   total 0K, used 0K [0x0000000701000000, 0x0000000800000000)
  region size 2048K, 0 young (0K), 0 survivors (0K)

[error occurred during error reporting (printing heap information), id 0xc0000005, EXCEPTION_ACCESS_VIOLATION (0xc0000005) at pc=0x00007ff84abcda89]

GC Heap History (0 events):
No events

Dll operation events (1 events):
Event: 0.008 Loaded shared library G:\android-studio\jbr\bin\java.dll

Deoptimization events (0 events):
No events

Classes unloaded (0 events):
No events

Classes redefined (0 events):
No events

Internal exceptions (0 events):
No events

VM Operations (0 events):
No events

Events (0 events):
No events


Dynamic libraries:
0x00007ff7a6530000 - 0x00007ff7a653a000 	G:\android-studio\jbr\bin\java.exe
0x00007ff8c6190000 - 0x00007ff8c63a4000 	C:\WINDOWS\SYSTEM32\ntdll.dll
0x00007ff8c50b0000 - 0x00007ff8c5172000 	C:\WINDOWS\System32\KERNEL32.DLL
0x00007ff8c3900000 - 0x00007ff8c3ca3000 	C:\WINDOWS\System32\KERNELBASE.dll
0x00007ff8c09b0000 - 0x00007ff8c0a47000 	C:\WINDOWS\SYSTEM32\apphelp.dll
0x00007ff8c3770000 - 0x00007ff8c3881000 	C:\WINDOWS\System32\ucrtbase.dll
0x00007ff8a23e0000 - 0x00007ff8a23fb000 	G:\android-studio\jbr\bin\VCRUNTIME140.dll
0x00007ff8b46a0000 - 0x00007ff8b46b7000 	G:\android-studio\jbr\bin\jli.dll
0x00007ff8c56a0000 - 0x00007ff8c584b000 	C:\WINDOWS\System32\USER32.dll
0x00007ff8c3f40000 - 0x00007ff8c3f66000 	C:\WINDOWS\System32\win32u.dll
0x00007ff8af7e0000 - 0x00007ff8afa6e000 	C:\WINDOWS\WinSxS\amd64_microsoft.windows.common-controls_6595b64144ccf1df_6.0.22621.1635_none_270f70857386168e\COMCTL32.dll
0x00007ff8c4f90000 - 0x00007ff8c4fb9000 	C:\WINDOWS\System32\GDI32.dll
0x00007ff8c4bb0000 - 0x00007ff8c4c57000 	C:\WINDOWS\System32\msvcrt.dll
0x00007ff8c3650000 - 0x00007ff8c3769000 	C:\WINDOWS\System32\gdi32full.dll
0x00007ff8c3cb0000 - 0x00007ff8c3d4a000 	C:\WINDOWS\System32\msvcp_win.dll
0x00007ff8c60b0000 - 0x00007ff8c60e1000 	C:\WINDOWS\System32\IMM32.DLL
0x00007ff8b9210000 - 0x00007ff8b921c000 	G:\android-studio\jbr\bin\vcruntime140_1.dll
0x00007ff899b80000 - 0x00007ff899c0d000 	G:\android-studio\jbr\bin\msvcp140.dll
0x00007ff84a4f0000 - 0x00007ff84b15e000 	G:\android-studio\jbr\bin\server\jvm.dll
0x00007ff8c5340000 - 0x00007ff8c53ee000 	C:\WINDOWS\System32\ADVAPI32.dll
0x00007ff8c6000000 - 0x00007ff8c60a4000 	C:\WINDOWS\System32\sechost.dll
0x00007ff8c54f0000 - 0x00007ff8c5607000 	C:\WINDOWS\System32\RPCRT4.dll
0x00007ff8bad60000 - 0x00007ff8bad94000 	C:\WINDOWS\SYSTEM32\WINMM.dll
0x00007ff8bd3a0000 - 0x00007ff8bd3aa000 	C:\WINDOWS\SYSTEM32\VERSION.dll
0x00007ff89f040000 - 0x00007ff89f049000 	C:\WINDOWS\SYSTEM32\WSOCK32.dll
0x00007ff8c5850000 - 0x00007ff8c58c1000 	C:\WINDOWS\System32\WS2_32.dll
0x00007ff8c26d0000 - 0x00007ff8c26e8000 	C:\WINDOWS\SYSTEM32\kernel.appcore.dll
0x00007ff8bf6a0000 - 0x00007ff8bf6aa000 	G:\android-studio\jbr\bin\jimage.dll
0x00007ff8b9390000 - 0x00007ff8b95be000 	C:\WINDOWS\SYSTEM32\DBGHELP.DLL
0x00007ff8c4800000 - 0x00007ff8c4b89000 	C:\WINDOWS\System32\combase.dll
0x00007ff8c4fd0000 - 0x00007ff8c50a7000 	C:\WINDOWS\System32\OLEAUT32.dll
0x00007ff8af3e0000 - 0x00007ff8af412000 	C:\WINDOWS\SYSTEM32\dbgcore.DLL
0x00007ff8c3ec0000 - 0x00007ff8c3f3b000 	C:\WINDOWS\System32\bcryptPrimitives.dll
0x00007ff8b9180000 - 0x00007ff8b91a5000 	G:\android-studio\jbr\bin\java.dll

dbghelp: loaded successfully - version: 4.0.5 - missing functions: none
symbol engine: initialized successfully - sym options: 0x614 - pdb path: .;G:\android-studio\jbr\bin;C:\WINDOWS\SYSTEM32;C:\WINDOWS\WinSxS\amd64_microsoft.windows.common-controls_6595b64144ccf1df_6.0.22621.1635_none_270f70857386168e;G:\android-studio\jbr\bin\server

VM Arguments:
jvm_args: -Dnet.bytebuddy.agent.attacher.dump= 
java_command: net.bytebuddy.agent.Attacher com.sun.tools.attach.VirtualMachine 17056 C:\Users\danie\.gradle\caches\modules-2\files-2.1\net.bytebuddy\byte-buddy-agent\1.12.20\c37341e04a529c7263ff3093ecdceaa4ab39b489\byte-buddy-agent-1.12.20.jar false 
java_class_path (initial): C:\Users\danie\.gradle\caches\modules-2\files-2.1\net.bytebuddy\byte-buddy-agent\1.12.20\c37341e04a529c7263ff3093ecdceaa4ab39b489\byte-buddy-agent-1.12.20.jar
Launcher Type: SUN_STANDARD

[Global flags]
     intx CICompilerCount                          = 12                                        {product} {ergonomic}
     uint ConcGCThreads                            = 3                                         {product} {ergonomic}
     uint G1ConcRefinementThreads                  = 13                                        {product} {ergonomic}
   size_t G1HeapRegionSize                         = 2097152                                   {product} {ergonomic}
    uintx GCDrainStackTargetSize                   = 64                                        {product} {ergonomic}
   size_t InitialHeapSize                          = 268435456                                 {product} {ergonomic}
   size_t MarkStackSize                            = 4194304                                   {product} {ergonomic}
   size_t MaxHeapSize                              = 4278190080                                {product} {ergonomic}
   size_t MinHeapDeltaBytes                        = 2097152                                   {product} {ergonomic}
   size_t MinHeapSize                              = 8388608                                   {product} {ergonomic}
    uintx NonNMethodCodeHeapSize                   = 7602480                                {pd product} {ergonomic}
    uintx NonProfiledCodeHeapSize                  = 122027880                              {pd product} {ergonomic}
    uintx ProfiledCodeHeapSize                     = 122027880                              {pd product} {ergonomic}
    uintx ReservedCodeCacheSize                    = 251658240                              {pd product} {ergonomic}
     bool SegmentedCodeCache                       = true                                      {product} {ergonomic}
   size_t SoftMaxHeapSize                          = 4278190080                             {manageable} {ergonomic}
     bool UseCompressedClassPointers               = true                           {product lp64_product} {ergonomic}
     bool UseCompressedOops                        = true                           {product lp64_product} {ergonomic}
     bool UseG1GC                                  = true                                      {product} {ergonomic}
     bool UseLargePagesIndividualAllocation        = false                                  {pd product} {ergonomic}

Logging:
Log output configuration:
 #0: stdout all=warning uptime,level,tags
 #1: stderr all=off uptime,level,tags

Environment Variables:
PATH=C:\Program Files\Common Files\Oracle\Java\javapath;C:\WINDOWS\system32;C:\WINDOWS;C:\WINDOWS\System32\Wbem;C:\WINDOWS\System32\WindowsPowerShell\v1.0\;C:\WINDOWS\System32\OpenSSH\;C:\Program Files\Git\cmd;C:\Users\danie\AppData\Local\Microsoft\WindowsApps;
USERNAME=danie
OS=Windows_NT
PROCESSOR_IDENTIFIER=AMD64 Family 23 Model 8 Stepping 2, AuthenticAMD
TMP=C:\Users\danie\AppData\Local\Temp
TEMP=C:\Users\danie\AppData\Local\Temp


JNI global refs:

[error occurred during error reporting (JNI global references), id 0xc0000005, EXCEPTION_ACCESS_VIOLATION (0xc0000005) at pc=0x00007ff84a5a7a10]


---------------  S Y S T E M  ---------------

OS:
 Windows 11 , 64 bit Build 22621 (10.0.22621.1778)
OS uptime: 1 days 7:30 hours

CPU: total 16 (initial active 16) (16 cores per cpu, 2 threads per core) family 23 model 8 stepping 2 microcode 0x0, cx8, cmov, fxsr, ht, mmx, 3dnowpref, sse, sse2, sse3, ssse3, sse4a, sse4.1, sse4.2, popcnt, lzcnt, tsc, tscinvbit, avx, avx2, aes, clmul, bmi1, bmi2, adx, sha, fma, vzeroupper, clflush, clflushopt

Memory: 4k page, system-wide physical 16318M (265M free)
TotalPageFile size 30445M (AvailPageFile size 106M)
current process WorkingSet (physical memory assigned to process): 11M, peak: 11M
current process commit charge ("private bytes"): 70M, peak: 326M

vm_info: OpenJDK 64-Bit Server VM (17.0.6+0-b2043.56-10027231) for windows-amd64 JRE (17.0.6+0-b2043.56-10027231), built on Apr 28 2023 00:43:19 by "androidbuild" with MS VC++ 16.10 / 16.11 (VS2019)

END.
